<?xml version="1.0" encoding="UTF-8"?>
<coverage generated="1752623963473" clover="3.2.0">
  <project timestamp="1752623963473" name="All files">
    <metrics statements="3" coveredstatements="3" conditionals="0" coveredconditionals="0" methods="1" coveredmethods="1" elements="4" coveredelements="4" complexity="0" loc="3" ncloc="3" packages="1" files="1" classes="1"/>
    <file name="logger.js" path="C:\Users\katle\Desktop\SE\MERN\w6\week-6-test-debug-assignment-Katliegh\server\src\middleware\logger.js">
      <metrics statements="3" coveredstatements="3" conditionals="0" coveredconditionals="0" methods="1" coveredmethods="1"/>
      <line num="2" count="1" type="stmt"/>
      <line num="3" count="1" type="stmt"/>
      <line num="5" count="1" type="stmt"/>
    </file>
  </project>
</coverage>
